0 info it worked if it ends with ok
1 verbose cli [ '/usr/local/bin/node', '/usr/local/bin/npm', 'install' ]
2 info using npm@1.3.11
3 info using node@v0.10.21
4 warn package.json ionic-project@1.0.0 No repository field.
5 verbose readDependencies using package.json deps
6 verbose install where, deps [ '/home/samgooi4189/dev/ionic_project/tutorial',
6 verbose install   [ 'gulp',
6 verbose install     'gulp-sass',
6 verbose install     'gulp-concat',
6 verbose install     'gulp-minify-css',
6 verbose install     'gulp-rename',
6 verbose install     'bower',
6 verbose install     'gulp-util',
6 verbose install     'shelljs' ] ]
7 info preinstall ionic-project@1.0.0
8 verbose readDependencies using package.json deps
9 verbose cache add [ 'gulp-sass@^0.7.1', null ]
10 verbose cache add name=undefined spec="gulp-sass@^0.7.1" args=["gulp-sass@^0.7.1",null]
11 verbose parsed url { protocol: null,
11 verbose parsed url   slashes: null,
11 verbose parsed url   auth: null,
11 verbose parsed url   host: null,
11 verbose parsed url   port: null,
11 verbose parsed url   hostname: null,
11 verbose parsed url   hash: null,
11 verbose parsed url   search: null,
11 verbose parsed url   query: null,
11 verbose parsed url   pathname: 'gulp-sass@^0.7.1',
11 verbose parsed url   path: 'gulp-sass@^0.7.1',
11 verbose parsed url   href: 'gulp-sass@^0.7.1' }
12 verbose cache add name="gulp-sass" spec="^0.7.1" args=["gulp-sass","^0.7.1"]
13 verbose parsed url { protocol: null,
13 verbose parsed url   slashes: null,
13 verbose parsed url   auth: null,
13 verbose parsed url   host: null,
13 verbose parsed url   port: null,
13 verbose parsed url   hostname: null,
13 verbose parsed url   hash: null,
13 verbose parsed url   search: null,
13 verbose parsed url   query: null,
13 verbose parsed url   pathname: '^0.7.1',
13 verbose parsed url   path: '^0.7.1',
13 verbose parsed url   href: '^0.7.1' }
14 verbose addNamed [ 'gulp-sass', '^0.7.1' ]
15 verbose addNamed [ null, '>=0.7.1-0 <0.8.0-0' ]
16 verbose cache add [ 'gulp-concat@^2.2.0', null ]
17 verbose cache add name=undefined spec="gulp-concat@^2.2.0" args=["gulp-concat@^2.2.0",null]
18 verbose parsed url { protocol: null,
18 verbose parsed url   slashes: null,
18 verbose parsed url   auth: null,
18 verbose parsed url   host: null,
18 verbose parsed url   port: null,
18 verbose parsed url   hostname: null,
18 verbose parsed url   hash: null,
18 verbose parsed url   search: null,
18 verbose parsed url   query: null,
18 verbose parsed url   pathname: 'gulp-concat@^2.2.0',
18 verbose parsed url   path: 'gulp-concat@^2.2.0',
18 verbose parsed url   href: 'gulp-concat@^2.2.0' }
19 verbose cache add name="gulp-concat" spec="^2.2.0" args=["gulp-concat","^2.2.0"]
20 verbose parsed url { protocol: null,
20 verbose parsed url   slashes: null,
20 verbose parsed url   auth: null,
20 verbose parsed url   host: null,
20 verbose parsed url   port: null,
20 verbose parsed url   hostname: null,
20 verbose parsed url   hash: null,
20 verbose parsed url   search: null,
20 verbose parsed url   query: null,
20 verbose parsed url   pathname: '^2.2.0',
20 verbose parsed url   path: '^2.2.0',
20 verbose parsed url   href: '^2.2.0' }
21 verbose addNamed [ 'gulp-concat', '^2.2.0' ]
22 verbose addNamed [ null, '>=2.2.0-0 <3.0.0-0' ]
23 silly lockFile 77100620-gulp-sass-0-7-1 gulp-sass@^0.7.1
24 verbose lock gulp-sass@^0.7.1 /home/samgooi4189/.npm/77100620-gulp-sass-0-7-1.lock
25 verbose cache add [ 'gulp-minify-css@^0.3.0', null ]
26 verbose cache add name=undefined spec="gulp-minify-css@^0.3.0" args=["gulp-minify-css@^0.3.0",null]
27 verbose parsed url { protocol: null,
27 verbose parsed url   slashes: null,
27 verbose parsed url   auth: null,
27 verbose parsed url   host: null,
27 verbose parsed url   port: null,
27 verbose parsed url   hostname: null,
27 verbose parsed url   hash: null,
27 verbose parsed url   search: null,
27 verbose parsed url   query: null,
27 verbose parsed url   pathname: 'gulp-minify-css@^0.3.0',
27 verbose parsed url   path: 'gulp-minify-css@^0.3.0',
27 verbose parsed url   href: 'gulp-minify-css@^0.3.0' }
28 verbose cache add name="gulp-minify-css" spec="^0.3.0" args=["gulp-minify-css","^0.3.0"]
29 verbose parsed url { protocol: null,
29 verbose parsed url   slashes: null,
29 verbose parsed url   auth: null,
29 verbose parsed url   host: null,
29 verbose parsed url   port: null,
29 verbose parsed url   hostname: null,
29 verbose parsed url   hash: null,
29 verbose parsed url   search: null,
29 verbose parsed url   query: null,
29 verbose parsed url   pathname: '^0.3.0',
29 verbose parsed url   path: '^0.3.0',
29 verbose parsed url   href: '^0.3.0' }
30 verbose addNamed [ 'gulp-minify-css', '^0.3.0' ]
31 verbose addNamed [ null, '>=0.3.0-0 <0.4.0-0' ]
32 silly lockFile 97140670-gulp-minify-css-0-3-0 gulp-minify-css@^0.3.0
33 verbose lock gulp-minify-css@^0.3.0 /home/samgooi4189/.npm/97140670-gulp-minify-css-0-3-0.lock
34 verbose cache add [ 'gulp-rename@^1.2.0', null ]
35 verbose cache add name=undefined spec="gulp-rename@^1.2.0" args=["gulp-rename@^1.2.0",null]
36 verbose parsed url { protocol: null,
36 verbose parsed url   slashes: null,
36 verbose parsed url   auth: null,
36 verbose parsed url   host: null,
36 verbose parsed url   port: null,
36 verbose parsed url   hostname: null,
36 verbose parsed url   hash: null,
36 verbose parsed url   search: null,
36 verbose parsed url   query: null,
36 verbose parsed url   pathname: 'gulp-rename@^1.2.0',
36 verbose parsed url   path: 'gulp-rename@^1.2.0',
36 verbose parsed url   href: 'gulp-rename@^1.2.0' }
37 verbose cache add name="gulp-rename" spec="^1.2.0" args=["gulp-rename","^1.2.0"]
38 verbose parsed url { protocol: null,
38 verbose parsed url   slashes: null,
38 verbose parsed url   auth: null,
38 verbose parsed url   host: null,
38 verbose parsed url   port: null,
38 verbose parsed url   hostname: null,
38 verbose parsed url   hash: null,
38 verbose parsed url   search: null,
38 verbose parsed url   query: null,
38 verbose parsed url   pathname: '^1.2.0',
38 verbose parsed url   path: '^1.2.0',
38 verbose parsed url   href: '^1.2.0' }
39 verbose addNamed [ 'gulp-rename', '^1.2.0' ]
40 verbose addNamed [ null, '>=1.2.0-0 <2.0.0-0' ]
41 silly lockFile 31cef36d-gulp-rename-1-2-0 gulp-rename@^1.2.0
42 verbose lock gulp-rename@^1.2.0 /home/samgooi4189/.npm/31cef36d-gulp-rename-1-2-0.lock
43 silly lockFile bade1119-gulp-concat-2-2-0 gulp-concat@^2.2.0
44 verbose lock gulp-concat@^2.2.0 /home/samgooi4189/.npm/bade1119-gulp-concat-2-2-0.lock
45 verbose cache add [ 'gulp-util@^2.2.14', null ]
46 verbose cache add name=undefined spec="gulp-util@^2.2.14" args=["gulp-util@^2.2.14",null]
47 verbose parsed url { protocol: null,
47 verbose parsed url   slashes: null,
47 verbose parsed url   auth: null,
47 verbose parsed url   host: null,
47 verbose parsed url   port: null,
47 verbose parsed url   hostname: null,
47 verbose parsed url   hash: null,
47 verbose parsed url   search: null,
47 verbose parsed url   query: null,
47 verbose parsed url   pathname: 'gulp-util@^2.2.14',
47 verbose parsed url   path: 'gulp-util@^2.2.14',
47 verbose parsed url   href: 'gulp-util@^2.2.14' }
48 verbose cache add name="gulp-util" spec="^2.2.14" args=["gulp-util","^2.2.14"]
49 verbose parsed url { protocol: null,
49 verbose parsed url   slashes: null,
49 verbose parsed url   auth: null,
49 verbose parsed url   host: null,
49 verbose parsed url   port: null,
49 verbose parsed url   hostname: null,
49 verbose parsed url   hash: null,
49 verbose parsed url   search: null,
49 verbose parsed url   query: null,
49 verbose parsed url   pathname: '^2.2.14',
49 verbose parsed url   path: '^2.2.14',
49 verbose parsed url   href: '^2.2.14' }
50 verbose addNamed [ 'gulp-util', '^2.2.14' ]
51 verbose addNamed [ null, '>=2.2.14-0 <3.0.0-0' ]
52 silly lockFile e3e5f16b-gulp-util-2-2-14 gulp-util@^2.2.14
53 verbose lock gulp-util@^2.2.14 /home/samgooi4189/.npm/e3e5f16b-gulp-util-2-2-14.lock
54 verbose cache add [ 'bower@^1.3.3', null ]
55 verbose cache add name=undefined spec="bower@^1.3.3" args=["bower@^1.3.3",null]
56 verbose parsed url { protocol: null,
56 verbose parsed url   slashes: null,
56 verbose parsed url   auth: null,
56 verbose parsed url   host: null,
56 verbose parsed url   port: null,
56 verbose parsed url   hostname: null,
56 verbose parsed url   hash: null,
56 verbose parsed url   search: null,
56 verbose parsed url   query: null,
56 verbose parsed url   pathname: 'bower@^1.3.3',
56 verbose parsed url   path: 'bower@^1.3.3',
56 verbose parsed url   href: 'bower@^1.3.3' }
57 verbose cache add name="bower" spec="^1.3.3" args=["bower","^1.3.3"]
58 verbose parsed url { protocol: null,
58 verbose parsed url   slashes: null,
58 verbose parsed url   auth: null,
58 verbose parsed url   host: null,
58 verbose parsed url   port: null,
58 verbose parsed url   hostname: null,
58 verbose parsed url   hash: null,
58 verbose parsed url   search: null,
58 verbose parsed url   query: null,
58 verbose parsed url   pathname: '^1.3.3',
58 verbose parsed url   path: '^1.3.3',
58 verbose parsed url   href: '^1.3.3' }
59 verbose addNamed [ 'bower', '^1.3.3' ]
60 verbose addNamed [ null, '>=1.3.3-0 <2.0.0-0' ]
61 silly lockFile 0aa5c27e-bower-1-3-3 bower@^1.3.3
62 verbose lock bower@^1.3.3 /home/samgooi4189/.npm/0aa5c27e-bower-1-3-3.lock
63 verbose cache add [ 'shelljs@^0.3.0', null ]
64 verbose cache add name=undefined spec="shelljs@^0.3.0" args=["shelljs@^0.3.0",null]
65 verbose parsed url { protocol: null,
65 verbose parsed url   slashes: null,
65 verbose parsed url   auth: null,
65 verbose parsed url   host: null,
65 verbose parsed url   port: null,
65 verbose parsed url   hostname: null,
65 verbose parsed url   hash: null,
65 verbose parsed url   search: null,
65 verbose parsed url   query: null,
65 verbose parsed url   pathname: 'shelljs@^0.3.0',
65 verbose parsed url   path: 'shelljs@^0.3.0',
65 verbose parsed url   href: 'shelljs@^0.3.0' }
66 verbose cache add name="shelljs" spec="^0.3.0" args=["shelljs","^0.3.0"]
67 verbose parsed url { protocol: null,
67 verbose parsed url   slashes: null,
67 verbose parsed url   auth: null,
67 verbose parsed url   host: null,
67 verbose parsed url   port: null,
67 verbose parsed url   hostname: null,
67 verbose parsed url   hash: null,
67 verbose parsed url   search: null,
67 verbose parsed url   query: null,
67 verbose parsed url   pathname: '^0.3.0',
67 verbose parsed url   path: '^0.3.0',
67 verbose parsed url   href: '^0.3.0' }
68 verbose addNamed [ 'shelljs', '^0.3.0' ]
69 verbose addNamed [ null, '>=0.3.0-0 <0.4.0-0' ]
70 silly lockFile 1ddaa962-shelljs-0-3-0 shelljs@^0.3.0
71 verbose lock shelljs@^0.3.0 /home/samgooi4189/.npm/1ddaa962-shelljs-0-3-0.lock
72 verbose cache add [ 'gulp@^3.5.6', null ]
73 verbose cache add name=undefined spec="gulp@^3.5.6" args=["gulp@^3.5.6",null]
74 verbose parsed url { protocol: null,
74 verbose parsed url   slashes: null,
74 verbose parsed url   auth: null,
74 verbose parsed url   host: null,
74 verbose parsed url   port: null,
74 verbose parsed url   hostname: null,
74 verbose parsed url   hash: null,
74 verbose parsed url   search: null,
74 verbose parsed url   query: null,
74 verbose parsed url   pathname: 'gulp@^3.5.6',
74 verbose parsed url   path: 'gulp@^3.5.6',
74 verbose parsed url   href: 'gulp@^3.5.6' }
75 verbose cache add name="gulp" spec="^3.5.6" args=["gulp","^3.5.6"]
76 verbose parsed url { protocol: null,
76 verbose parsed url   slashes: null,
76 verbose parsed url   auth: null,
76 verbose parsed url   host: null,
76 verbose parsed url   port: null,
76 verbose parsed url   hostname: null,
76 verbose parsed url   hash: null,
76 verbose parsed url   search: null,
76 verbose parsed url   query: null,
76 verbose parsed url   pathname: '^3.5.6',
76 verbose parsed url   path: '^3.5.6',
76 verbose parsed url   href: '^3.5.6' }
77 verbose addNamed [ 'gulp', '^3.5.6' ]
78 verbose addNamed [ null, '>=3.5.6-0 <4.0.0-0' ]
79 silly lockFile 28ac0b1b-gulp-3-5-6 gulp@^3.5.6
80 verbose lock gulp@^3.5.6 /home/samgooi4189/.npm/28ac0b1b-gulp-3-5-6.lock
81 silly lockFile 77100620-gulp-sass-0-7-1 gulp-sass@^0.7.1
82 error Error: EACCES, open '/home/samgooi4189/.npm/77100620-gulp-sass-0-7-1.lock'
82 error  { [Error: EACCES, open '/home/samgooi4189/.npm/77100620-gulp-sass-0-7-1.lock']
82 error   errno: 3,
82 error   code: 'EACCES',
82 error   path: '/home/samgooi4189/.npm/77100620-gulp-sass-0-7-1.lock' }
83 error Please try running this command again as root/Administrator.
84 error System Linux 3.8.0-35-generic
85 error command "/usr/local/bin/node" "/usr/local/bin/npm" "install"
86 error cwd /home/samgooi4189/dev/ionic_project/tutorial
87 error node -v v0.10.21
88 error npm -v 1.3.11
89 error path /home/samgooi4189/.npm/77100620-gulp-sass-0-7-1.lock
90 error code EACCES
91 error errno 3
92 error stack Error: EACCES, open '/home/samgooi4189/.npm/77100620-gulp-sass-0-7-1.lock'
93 verbose exit [ 3, true ]
